2025-04-07 00:29:21,136 [INFO] Getting context data for MasterAdminView - C:\Users\hp5cd\OneDrive\Desktop\onetool another\onetool\masteradmin\views.py:531
2025-04-09 17:08:34,617 [INFO] Getting context data for MasterAdminView - C:\Users\hp5cd\OneDrive\Desktop\onetool another\onetool\masteradmin\views.py:531
2025-04-09 17:08:55,778 [INFO] Getting context data for AgentsView - C:\Users\hp5cd\OneDrive\Desktop\onetool another\onetool\masteradmin\views.py:671
2025-04-11 14:22:12,024 [INFO] Getting context data for MasterAdminView - C:\Users\hp5cd\OneDrive\Desktop\onetool another\onetool\masteradmin\views.py:531
2025-04-11 14:23:05,153 [INFO] Getting context data for MasterAdminView - C:\Users\hp5cd\OneDrive\Desktop\onetool another\onetool\masteradmin\views.py:531
2025-04-11 14:23:31,976 [INFO] Getting context data for MasterAdminView - C:\Users\hp5cd\OneDrive\Desktop\onetool another\onetool\masteradmin\views.py:531
2025-04-11 14:23:36,865 [INFO] Getting context data for MasterAdminView - C:\Users\hp5cd\OneDrive\Desktop\onetool another\onetool\masteradmin\views.py:531
2025-04-11 14:24:03,118 [INFO] Getting context data for MasterAdminView - C:\Users\hp5cd\OneDrive\Desktop\onetool another\onetool\masteradmin\views.py:531
2025-04-11 14:24:22,349 [INFO] Getting context data for MasterAdminView - C:\Users\hp5cd\OneDrive\Desktop\onetool another\onetool\masteradmin\views.py:531
2025-04-11 14:24:26,344 [INFO] Getting context data for MasterAdminView - C:\Users\hp5cd\OneDrive\Desktop\onetool another\onetool\masteradmin\views.py:531
2025-04-11 14:24:33,970 [INFO] Getting context data for MasterAdminView - C:\Users\hp5cd\OneDrive\Desktop\onetool another\onetool\masteradmin\views.py:531
2025-04-11 14:24:39,677 [INFO] Getting context data for MasterAdminView - C:\Users\hp5cd\OneDrive\Desktop\onetool another\onetool\masteradmin\views.py:531
2025-04-11 14:24:40,446 [INFO] Getting context data for MasterAdminView - C:\Users\hp5cd\OneDrive\Desktop\onetool another\onetool\masteradmin\views.py:531
2025-04-11 14:24:57,530 [INFO] Getting context data for MasterAdminView - C:\Users\hp5cd\OneDrive\Desktop\onetool another\onetool\masteradmin\views.py:531
2025-04-11 14:25:02,727 [INFO] Getting context data for MasterAdminView - C:\Users\hp5cd\OneDrive\Desktop\onetool another\onetool\masteradmin\views.py:531
2025-04-11 14:25:03,349 [INFO] Getting context data for MasterAdminView - C:\Users\hp5cd\OneDrive\Desktop\onetool another\onetool\masteradmin\views.py:531
2025-04-11 14:25:08,183 [INFO] Getting context data for MasterAdminView - C:\Users\hp5cd\OneDrive\Desktop\onetool another\onetool\masteradmin\views.py:531
2025-04-11 14:25:08,640 [INFO] Getting context data for MasterAdminView - C:\Users\hp5cd\OneDrive\Desktop\onetool another\onetool\masteradmin\views.py:531
2025-04-11 14:25:16,862 [INFO] Getting context data for MasterAdminView - C:\Users\hp5cd\OneDrive\Desktop\onetool another\onetool\masteradmin\views.py:531
2025-04-11 14:26:08,379 [INFO] Getting context data for MasterAdminView - C:\Users\hp5cd\OneDrive\Desktop\onetool another\onetool\masteradmin\views.py:531
2025-04-11 14:26:22,344 [INFO] Getting context data for MasterAdminView - C:\Users\hp5cd\OneDrive\Desktop\onetool another\onetool\masteradmin\views.py:531
2025-04-11 14:26:30,697 [INFO] Getting context data for MasterAdminView - C:\Users\hp5cd\OneDrive\Desktop\onetool another\onetool\masteradmin\views.py:531
2025-04-11 14:26:44,975 [INFO] Getting context data for MasterAdminView - C:\Users\hp5cd\OneDrive\Desktop\onetool another\onetool\masteradmin\views.py:531
2025-04-11 14:26:47,772 [INFO] Getting context data for MasterAdminView - C:\Users\hp5cd\OneDrive\Desktop\onetool another\onetool\masteradmin\views.py:531
2025-04-11 14:27:20,537 [INFO] Getting context data for MasterAdminView - C:\Users\hp5cd\OneDrive\Desktop\onetool another\onetool\masteradmin\views.py:531
2025-04-11 14:27:38,585 [INFO] Getting context data for MasterAdminView - C:\Users\hp5cd\OneDrive\Desktop\onetool another\onetool\masteradmin\views.py:531
2025-04-11 14:27:48,359 [INFO] Getting context data for MasterAdminView - C:\Users\hp5cd\OneDrive\Desktop\onetool another\onetool\masteradmin\views.py:531
2025-04-11 14:27:56,124 [INFO] Getting context data for MasterAdminView - C:\Users\hp5cd\OneDrive\Desktop\onetool another\onetool\masteradmin\views.py:531
2025-04-11 14:28:44,710 [INFO] Getting context data for MasterAdminView - C:\Users\hp5cd\OneDrive\Desktop\onetool another\onetool\masteradmin\views.py:531
2025-04-11 14:28:49,449 [INFO] Getting context data for MasterAdminView - C:\Users\hp5cd\OneDrive\Desktop\onetool another\onetool\masteradmin\views.py:531
2025-04-11 14:28:54,317 [INFO] Getting context data for MasterAdminView - C:\Users\hp5cd\OneDrive\Desktop\onetool another\onetool\masteradmin\views.py:531
2025-04-11 14:29:03,551 [INFO] Getting context data for MasterAdminView - C:\Users\hp5cd\OneDrive\Desktop\onetool another\onetool\masteradmin\views.py:531
2025-04-11 14:29:03,867 [INFO] Getting context data for MasterAdminView - C:\Users\hp5cd\OneDrive\Desktop\onetool another\onetool\masteradmin\views.py:531
2025-04-11 14:29:05,611 [INFO] Getting context data for MasterAdminView - C:\Users\hp5cd\OneDrive\Desktop\onetool another\onetool\masteradmin\views.py:531
2025-04-11 14:29:07,979 [INFO] Getting context data for MasterAdminView - C:\Users\hp5cd\OneDrive\Desktop\onetool another\onetool\masteradmin\views.py:531
2025-04-11 14:29:29,016 [INFO] Getting context data for UsersView - C:\Users\hp5cd\OneDrive\Desktop\onetool another\onetool\masteradmin\views.py:769
2025-04-11 14:30:53,920 [INFO] Getting context data for UsersView - C:\Users\hp5cd\OneDrive\Desktop\onetool another\onetool\masteradmin\views.py:769
2025-04-11 14:31:10,102 [INFO] Getting context data for UsersView - C:\Users\hp5cd\OneDrive\Desktop\onetool another\onetool\masteradmin\views.py:769
2025-04-11 14:31:16,742 [INFO] Getting context data for UsersView - C:\Users\hp5cd\OneDrive\Desktop\onetool another\onetool\masteradmin\views.py:769
2025-04-11 14:31:18,980 [INFO] Getting context data for UsersView - C:\Users\hp5cd\OneDrive\Desktop\onetool another\onetool\masteradmin\views.py:769
2025-04-11 14:31:20,330 [INFO] Getting context data for UsersView - C:\Users\hp5cd\OneDrive\Desktop\onetool another\onetool\masteradmin\views.py:769
2025-04-11 14:31:22,592 [INFO] Getting context data for UsersView - C:\Users\hp5cd\OneDrive\Desktop\onetool another\onetool\masteradmin\views.py:769
2025-04-11 14:31:23,489 [INFO] Getting context data for UsersView - C:\Users\hp5cd\OneDrive\Desktop\onetool another\onetool\masteradmin\views.py:769
2025-04-11 14:31:24,241 [INFO] Getting context data for UsersView - C:\Users\hp5cd\OneDrive\Desktop\onetool another\onetool\masteradmin\views.py:769
2025-04-11 14:31:24,933 [INFO] Getting context data for UsersView - C:\Users\hp5cd\OneDrive\Desktop\onetool another\onetool\masteradmin\views.py:769
2025-04-11 14:31:25,583 [INFO] Getting context data for UsersView - C:\Users\hp5cd\OneDrive\Desktop\onetool another\onetool\masteradmin\views.py:769
2025-04-11 14:31:26,210 [INFO] Getting context data for UsersView - C:\Users\hp5cd\OneDrive\Desktop\onetool another\onetool\masteradmin\views.py:769
2025-04-11 14:31:26,861 [INFO] Getting context data for UsersView - C:\Users\hp5cd\OneDrive\Desktop\onetool another\onetool\masteradmin\views.py:769
2025-04-11 14:31:27,442 [INFO] Getting context data for UsersView - C:\Users\hp5cd\OneDrive\Desktop\onetool another\onetool\masteradmin\views.py:769
2025-04-11 14:31:28,061 [INFO] Getting context data for UsersView - C:\Users\hp5cd\OneDrive\Desktop\onetool another\onetool\masteradmin\views.py:769
2025-04-11 14:31:28,655 [INFO] Getting context data for UsersView - C:\Users\hp5cd\OneDrive\Desktop\onetool another\onetool\masteradmin\views.py:769
2025-04-11 14:31:29,344 [INFO] Getting context data for UsersView - C:\Users\hp5cd\OneDrive\Desktop\onetool another\onetool\masteradmin\views.py:769
2025-04-11 14:31:30,018 [INFO] Getting context data for UsersView - C:\Users\hp5cd\OneDrive\Desktop\onetool another\onetool\masteradmin\views.py:769
2025-04-11 14:31:30,970 [INFO] Getting context data for MasterAdminView - C:\Users\hp5cd\OneDrive\Desktop\onetool another\onetool\masteradmin\views.py:531
2025-04-11 14:31:38,423 [INFO] Getting context data for SalesView - C:\Users\hp5cd\OneDrive\Desktop\onetool another\onetool\masteradmin\views.py:809
2025-04-11 14:31:39,807 [INFO] Getting context data for AppsView - C:\Users\hp5cd\OneDrive\Desktop\onetool another\onetool\masteradmin\views.py:714
2025-04-11 14:31:53,896 [INFO] Getting context data for MasterAdminView - C:\Users\hp5cd\OneDrive\Desktop\onetool another\onetool\masteradmin\views.py:531
2025-04-11 14:32:03,205 [INFO] Getting context data for SalesView - C:\Users\hp5cd\OneDrive\Desktop\onetool another\onetool\masteradmin\views.py:809
2025-04-11 14:32:30,827 [INFO] Getting context data for MasterAdminView - C:\Users\hp5cd\OneDrive\Desktop\onetool another\onetool\masteradmin\views.py:531
2025-04-11 14:32:34,754 [INFO] Getting context data for FeedbacksView - C:\Users\hp5cd\OneDrive\Desktop\onetool another\onetool\masteradmin\views.py:727
2025-04-11 14:32:39,296 [INFO] Getting context data for MasterAdminView - C:\Users\hp5cd\OneDrive\Desktop\onetool another\onetool\masteradmin\views.py:531
2025-04-11 14:32:50,926 [INFO] Getting context data for MasterAdminView - C:\Users\hp5cd\OneDrive\Desktop\onetool another\onetool\masteradmin\views.py:531
2025-04-11 14:33:03,942 [INFO] Getting context data for MasterAdminView - C:\Users\hp5cd\OneDrive\Desktop\onetool another\onetool\masteradmin\views.py:531
2025-04-11 14:33:19,014 [INFO] Getting context data for MasterAdminView - C:\Users\hp5cd\OneDrive\Desktop\onetool another\onetool\masteradmin\views.py:531
2025-04-11 14:33:32,711 [INFO] Getting context data for MasterAdminView - C:\Users\hp5cd\OneDrive\Desktop\onetool another\onetool\masteradmin\views.py:531
2025-04-11 14:33:44,285 [INFO] Getting context data for MasterAdminView - C:\Users\hp5cd\OneDrive\Desktop\onetool another\onetool\masteradmin\views.py:531
2025-04-11 14:33:51,195 [INFO] Getting context data for MasterAdminView - C:\Users\hp5cd\OneDrive\Desktop\onetool another\onetool\masteradmin\views.py:531
2025-04-11 14:34:19,324 [INFO] Getting context data for MasterAdminView - C:\Users\hp5cd\OneDrive\Desktop\onetool another\onetool\masteradmin\views.py:531
2025-04-11 14:35:29,813 [INFO] Getting context data for MasterAdminView - C:\Users\hp5cd\OneDrive\Desktop\onetool another\onetool\masteradmin\views.py:531
2025-04-11 14:35:43,227 [INFO] Getting context data for MasterAdminView - C:\Users\hp5cd\OneDrive\Desktop\onetool another\onetool\masteradmin\views.py:531
2025-04-11 14:36:20,066 [INFO] Getting context data for MasterAdminView - C:\Users\hp5cd\OneDrive\Desktop\onetool another\onetool\masteradmin\views.py:531
2025-04-11 14:38:11,200 [INFO] Getting context data for MasterAdminView - C:\Users\hp5cd\OneDrive\Desktop\onetool another\onetool\masteradmin\views.py:531
2025-04-11 14:38:48,327 [INFO] Getting context data for MasterAdminView - C:\Users\hp5cd\OneDrive\Desktop\onetool another\onetool\masteradmin\views.py:531
2025-04-11 14:38:50,533 [INFO] Getting context data for FeedbacksView - C:\Users\hp5cd\OneDrive\Desktop\onetool another\onetool\masteradmin\views.py:727
2025-04-11 14:39:45,020 [INFO] Getting context data for MasterAdminView - C:\Users\hp5cd\OneDrive\Desktop\onetool another\onetool\masteradmin\views.py:531
2025-04-11 14:42:02,649 [INFO] Getting context data for FeedbacksView - C:\Users\hp5cd\OneDrive\Desktop\onetool another\onetool\masteradmin\views.py:727
2025-04-11 14:42:24,938 [INFO] Getting context data for MasterAdminView - C:\Users\hp5cd\OneDrive\Desktop\onetool another\onetool\masteradmin\views.py:531
2025-04-11 14:42:27,805 [INFO] Getting context data for MasterAdminView - C:\Users\hp5cd\OneDrive\Desktop\onetool another\onetool\masteradmin\views.py:531
2025-04-11 14:42:29,723 [INFO] Getting context data for MasterAdminView - C:\Users\hp5cd\OneDrive\Desktop\onetool another\onetool\masteradmin\views.py:531
2025-04-11 14:42:33,038 [INFO] Getting context data for MasterAdminView - C:\Users\hp5cd\OneDrive\Desktop\onetool another\onetool\masteradmin\views.py:531
2025-04-11 14:42:36,289 [INFO] Getting context data for MasterAdminView - C:\Users\hp5cd\OneDrive\Desktop\onetool another\onetool\masteradmin\views.py:531
2025-04-11 14:42:39,761 [INFO] Getting context data for MasterAdminView - C:\Users\hp5cd\OneDrive\Desktop\onetool another\onetool\masteradmin\views.py:531
2025-04-11 14:43:07,536 [INFO] AddSupportView.post() called - C:\Users\hp5cd\OneDrive\Desktop\onetool another\onetool\masteradmin\views.py:1645
2025-04-11 14:43:07,545 [ERROR] JSON decode error: Expecting value: line 1 column 1 (char 0) - C:\Users\hp5cd\OneDrive\Desktop\onetool another\onetool\masteradmin\views.py:1657
2025-04-11 14:43:07,548 [INFO] Using form data instead: <QueryDict: {'csrfmiddlewaretoken': ['FakLTaSwPp6x2lns6XVV1f9YGjl1xtWlIKzpKfGoIBS3vVnCE3iqMtNZPz03ngIi'], 'email': ['brandisebox@gmail.com'], 'department': ['b15522de-527a-44e3-b8b5-2dd91e63558c'], 'policy': ['4193a027-f440-495f-9224-91cb95aa3d0a']}> - C:\Users\hp5cd\OneDrive\Desktop\onetool another\onetool\masteradmin\views.py:1662
2025-04-11 14:43:07,553 [INFO] Extracted fields - email: brandisebox@gmail.com, department: b15522de-527a-44e3-b8b5-2dd91e63558c - C:\Users\hp5cd\OneDrive\Desktop\onetool another\onetool\masteradmin\views.py:1683
2025-04-11 14:43:07,558 [ERROR] Support with email brandisebox@gmail.com already exists - C:\Users\hp5cd\OneDrive\Desktop\onetool another\onetool\masteradmin\views.py:1687
2025-04-11 14:47:29,590 [INFO] Getting context data for FeedbacksView - C:\Users\hp5cd\OneDrive\Desktop\onetool another\onetool\masteradmin\views.py:727
2025-04-11 14:48:36,705 [INFO] Getting context data for FeedbacksView - C:\Users\hp5cd\OneDrive\Desktop\onetool another\onetool\masteradmin\views.py:727
2025-04-11 14:48:50,109 [INFO] Getting context data for FeedbacksView - C:\Users\hp5cd\OneDrive\Desktop\onetool another\onetool\masteradmin\views.py:727
2025-04-11 14:49:43,715 [INFO] Getting context data for FeedbacksView - C:\Users\hp5cd\OneDrive\Desktop\onetool another\onetool\masteradmin\views.py:727
2025-04-11 14:49:53,780 [INFO] Getting context data for MasterAdminView - C:\Users\hp5cd\OneDrive\Desktop\onetool another\onetool\masteradmin\views.py:531
2025-04-11 14:50:31,686 [INFO] AddSupportView.post() called - C:\Users\hp5cd\OneDrive\Desktop\onetool another\onetool\masteradmin\views.py:1645
2025-04-11 14:50:31,689 [ERROR] JSON decode error: Expecting value: line 1 column 1 (char 0) - C:\Users\hp5cd\OneDrive\Desktop\onetool another\onetool\masteradmin\views.py:1657
2025-04-11 14:50:31,694 [INFO] Using form data instead: <QueryDict: {'csrfmiddlewaretoken': ['FakLTaSwPp6x2lns6XVV1f9YGjl1xtWlIKzpKfGoIBS3vVnCE3iqMtNZPz03ngIi'], 'email': ['hellonatbae@gmail.com'], 'department': ['b15522de-527a-44e3-b8b5-2dd91e63558c'], 'policy': ['4193a027-f440-495f-9224-91cb95aa3d0a']}> - C:\Users\hp5cd\OneDrive\Desktop\onetool another\onetool\masteradmin\views.py:1662
2025-04-11 14:50:31,719 [INFO] Extracted fields - email: hellonatbae@gmail.com, department: b15522de-527a-44e3-b8b5-2dd91e63558c - C:\Users\hp5cd\OneDrive\Desktop\onetool another\onetool\masteradmin\views.py:1683
2025-04-11 14:50:36,416 [INFO] Registration email sent successfully to hellonatbae@gmail.com - C:\Users\hp5cd\OneDrive\Desktop\onetool another\onetool\masteradmin\views.py:1763
2025-04-11 14:50:36,418 [INFO] Support created successfully with email: hellonatbae@gmail.com and passcode: 7001 - C:\Users\hp5cd\OneDrive\Desktop\onetool another\onetool\masteradmin\views.py:1776
2025-04-11 14:55:36,840 [INFO] Getting context data for FeedbacksView - C:\Users\hp5cd\OneDrive\Desktop\onetool another\onetool\masteradmin\views.py:727
2025-04-11 14:55:41,450 [INFO] Getting context data for FeedbacksView - C:\Users\hp5cd\OneDrive\Desktop\onetool another\onetool\masteradmin\views.py:727
2025-04-11 14:56:18,890 [INFO] Getting context data for FeedbacksView - C:\Users\hp5cd\OneDrive\Desktop\onetool another\onetool\masteradmin\views.py:727
2025-04-11 14:56:26,611 [INFO] Getting context data for MasterAdminView - C:\Users\hp5cd\OneDrive\Desktop\onetool another\onetool\masteradmin\views.py:531
2025-04-11 14:56:33,336 [INFO] Getting context data for FeedbacksView - C:\Users\hp5cd\OneDrive\Desktop\onetool another\onetool\masteradmin\views.py:727
2025-04-11 14:57:58,943 [INFO] Getting context data for FeedbacksView - C:\Users\hp5cd\OneDrive\Desktop\onetool another\onetool\masteradmin\views.py:727
2025-04-11 14:58:34,886 [INFO] Getting context data for MasterAdminView - C:\Users\hp5cd\OneDrive\Desktop\onetool another\onetool\masteradmin\views.py:531
2025-04-11 15:03:47,918 [INFO] Getting context data for FeedbacksView - C:\Users\hp5cd\OneDrive\Desktop\onetool another\onetool\masteradmin\views.py:727
2025-04-11 15:04:17,698 [INFO] Getting context data for FeedbacksView - C:\Users\hp5cd\OneDrive\Desktop\onetool another\onetool\masteradmin\views.py:727
2025-04-11 15:04:28,620 [INFO] Getting context data for FeedbacksView - C:\Users\hp5cd\OneDrive\Desktop\onetool another\onetool\masteradmin\views.py:727
2025-04-11 15:04:42,136 [INFO] Getting context data for UsersView - C:\Users\hp5cd\OneDrive\Desktop\onetool another\onetool\masteradmin\views.py:769
2025-04-11 15:05:06,274 [INFO] Getting context data for MasterAdminView - C:\Users\hp5cd\OneDrive\Desktop\onetool another\onetool\masteradmin\views.py:531
2025-04-11 15:05:24,672 [INFO] Getting context data for MasterAdminView - C:\Users\hp5cd\OneDrive\Desktop\onetool another\onetool\masteradmin\views.py:531
2025-04-11 15:05:35,402 [INFO] Getting context data for FeedbacksView - C:\Users\hp5cd\OneDrive\Desktop\onetool another\onetool\masteradmin\views.py:727
2025-04-11 16:10:26,222 [INFO] Getting context data for FeedbacksView - C:\Users\hp5cd\OneDrive\Desktop\onetool another\onetool\masteradmin\views.py:727
2025-04-11 16:20:34,571 [INFO] Getting context data for FeedbacksView - C:\Users\hp5cd\OneDrive\Desktop\onetool another\onetool\masteradmin\views.py:727
2025-04-11 16:40:38,388 [INFO] Getting context data for SubscriptionView - C:\Users\hp5cd\OneDrive\Desktop\onetool another\onetool\masteradmin\views.py:696
2025-04-11 16:40:40,372 [INFO] Getting context data for AppsView - C:\Users\hp5cd\OneDrive\Desktop\onetool another\onetool\masteradmin\views.py:714
2025-04-11 16:40:40,812 [INFO] Getting context data for SalesView - C:\Users\hp5cd\OneDrive\Desktop\onetool another\onetool\masteradmin\views.py:809
2025-04-11 18:19:35,888 [INFO] Getting context data for MasterAdminView - C:\Users\hp5cd\OneDrive\Desktop\onetool another\onetool\masteradmin\views.py:531
2025-04-11 18:19:54,978 [INFO] Getting context data for FeedbacksView - C:\Users\hp5cd\OneDrive\Desktop\onetool another\onetool\masteradmin\views.py:727
2025-04-11 18:20:20,151 [INFO] Getting context data for UsersView - C:\Users\hp5cd\OneDrive\Desktop\onetool another\onetool\masteradmin\views.py:769
2025-04-12 18:32:06,214 [INFO] Getting context data for MasterAdminView - C:\Users\hp5cd\OneDrive\Desktop\onetool another\onetool\masteradmin\views.py:531
2025-04-28 14:37:24,763 [INFO] Getting context data for MasterAdminView - C:\Users\hp5cd\OneDrive\Desktop\onetool another\onetool\masteradmin\views.py:531
2025-04-28 14:37:34,488 [INFO] Getting context data for MasterAdminView - C:\Users\hp5cd\OneDrive\Desktop\onetool another\onetool\masteradmin\views.py:531
2025-04-28 14:42:14,611 [INFO] Getting context data for MasterAdminView - C:\Users\hp5cd\OneDrive\Desktop\onetool another\onetool\masteradmin\views.py:531
2025-04-28 14:46:58,182 [INFO] Getting context data for MasterAdminView - C:\Users\hp5cd\OneDrive\Desktop\onetool another\onetool\masteradmin\views.py:531
2025-04-28 15:19:08,930 [INFO] Getting context data for MasterAdminView - C:\Users\hp5cd\OneDrive\Desktop\onetool another\onetool\masteradmin\views.py:531
2025-04-28 15:23:41,494 [INFO] Getting context data for SubscriptionView - C:\Users\hp5cd\OneDrive\Desktop\onetool another\onetool\masteradmin\views.py:696
2025-04-28 15:23:43,309 [INFO] Getting context data for MasterAdminView - C:\Users\hp5cd\OneDrive\Desktop\onetool another\onetool\masteradmin\views.py:531
2025-04-28 15:23:45,399 [INFO] Getting context data for AppsView - C:\Users\hp5cd\OneDrive\Desktop\onetool another\onetool\masteradmin\views.py:714
2025-04-28 15:23:46,667 [INFO] Getting context data for SalesView - C:\Users\hp5cd\OneDrive\Desktop\onetool another\onetool\masteradmin\views.py:809
2025-04-28 15:23:49,292 [INFO] Getting context data for FeedbacksView - C:\Users\hp5cd\OneDrive\Desktop\onetool another\onetool\masteradmin\views.py:727
2025-04-28 15:23:50,114 [INFO] Getting context data for FeedbacksView - C:\Users\hp5cd\OneDrive\Desktop\onetool another\onetool\masteradmin\views.py:727
2025-04-28 15:23:51,772 [INFO] Getting context data for FeedbacksView - C:\Users\hp5cd\OneDrive\Desktop\onetool another\onetool\masteradmin\views.py:727
2025-04-28 15:23:52,509 [INFO] Getting context data for FeedbacksView - C:\Users\hp5cd\OneDrive\Desktop\onetool another\onetool\masteradmin\views.py:727
2025-04-28 15:23:53,858 [INFO] Getting context data for UsersView - C:\Users\hp5cd\OneDrive\Desktop\onetool another\onetool\masteradmin\views.py:769
2025-04-28 15:24:27,464 [INFO] Getting context data for AgentsView - C:\Users\hp5cd\OneDrive\Desktop\onetool another\onetool\masteradmin\views.py:671
2025-04-28 15:24:42,651 [INFO] Getting context data for FeedbacksView - C:\Users\hp5cd\OneDrive\Desktop\onetool another\onetool\masteradmin\views.py:727
2025-04-28 15:26:27,704 [INFO] Getting context data for SettingView - C:\Users\hp5cd\OneDrive\Desktop\onetool another\onetool\masteradmin\views.py:796
2025-04-28 15:26:30,797 [INFO] Getting context data for SubscriptionView - C:\Users\hp5cd\OneDrive\Desktop\onetool another\onetool\masteradmin\views.py:696
2025-04-28 15:26:37,418 [INFO] Fetching all subscriptions for coupon creation form - C:\Users\hp5cd\OneDrive\Desktop\onetool another\onetool\masteradmin\views.py:1111
2025-04-28 15:29:17,920 [INFO] Getting context data for MasterAdminView - C:\Users\hp5cd\OneDrive\Desktop\onetool another\onetool\masteradmin\views.py:531
2025-04-28 15:30:47,101 [INFO] Getting context data for SubscriptionView - C:\Users\hp5cd\OneDrive\Desktop\onetool another\onetool\masteradmin\views.py:696
2025-04-28 15:33:49,081 [INFO] Getting context data for MasterAdminView - C:\Users\hp5cd\OneDrive\Desktop\onetool another\onetool\masteradmin\views.py:531
2025-04-28 15:34:41,918 [INFO] Getting context data for SettingView - C:\Users\hp5cd\OneDrive\Desktop\onetool another\onetool\masteradmin\views.py:796
